<?xml version="1.0" encoding="UTF-8"?>
<!-- Generated by org.testng.reporters.JUnitXMLReporter -->
<testsuite ignored="1" hostname="LAPTOP-TKO3L4O5" failures="0" tests="4" name="Test" time="0.159" errors="0" timestamp="2021-12-01T12:25:56 IST">
  <testcase classname="utility.Baseclass" name="@BeforeMethod login" time="0.014">
    <failure type="java.lang.NullPointerException" message="Cannot invoke &amp;quot;org.openqa.selenium.WebDriver.findElement(org.openqa.selenium.By)&amp;quot; because &amp;quot;driver&amp;quot; is null">
      <![CDATA[java.lang.NullPointerException: Cannot invoke "org.openqa.selenium.WebDriver.findElement(org.openqa.selenium.By)" because "driver" is null
at utility.Login.log(Login.java:9)
at utility.Baseclass.login(Baseclass.java:41)
at java.base/java.util.ArrayList.forEach(ArrayList.java:1511)
... Removed 31 stack frames]]>
    </failure>
  </testcase> <!-- @BeforeMethod login -->
  <testcase classname="utility.Baseclass" name="@AfterMethod logout" time="-1.638341756193E9">
    <skipped/>
  </testcase> <!-- @AfterMethod logout -->
  <testcase classname="utility.Baseclass" name="@BeforeMethod login" time="0.0">
    <failure type="java.lang.NullPointerException" message="Cannot invoke &amp;quot;org.openqa.selenium.WebDriver.findElement(org.openqa.selenium.By)&amp;quot; because &amp;quot;driver&amp;quot; is null">
      <![CDATA[java.lang.NullPointerException: Cannot invoke "org.openqa.selenium.WebDriver.findElement(org.openqa.selenium.By)" because "driver" is null
at utility.Login.log(Login.java:9)
at utility.Baseclass.login(Baseclass.java:41)
at java.base/java.util.ArrayList.forEach(ArrayList.java:1511)
... Removed 31 stack frames]]>
    </failure>
  </testcase> <!-- @BeforeMethod login -->
  <testcase classname="utility.Baseclass" name="@AfterMethod logout" time="-1.638341756212E9">
    <skipped/>
  </testcase> <!-- @AfterMethod logout -->
  <testcase classname="utility.Baseclass" name="@BeforeMethod login" time="0.001">
    <failure type="java.lang.NullPointerException" message="Cannot invoke &amp;quot;org.openqa.selenium.WebDriver.findElement(org.openqa.selenium.By)&amp;quot; because &amp;quot;driver&amp;quot; is null">
      <![CDATA[java.lang.NullPointerException: Cannot invoke "org.openqa.selenium.WebDriver.findElement(org.openqa.selenium.By)" because "driver" is null
at utility.Login.log(Login.java:9)
at utility.Baseclass.login(Baseclass.java:41)
at java.base/java.util.ArrayList.forEach(ArrayList.java:1511)
... Removed 31 stack frames]]>
    </failure>
  </testcase> <!-- @BeforeMethod login -->
  <testcase classname="utility.Baseclass" name="@AfterMethod logout" time="-1.638341756233E9">
    <skipped/>
  </testcase> <!-- @AfterMethod logout -->
  <testcase classname="utility.Baseclass" name="@BeforeMethod login" time="0.0">
    <failure type="java.lang.NullPointerException" message="Cannot invoke &amp;quot;org.openqa.selenium.WebDriver.findElement(org.openqa.selenium.By)&amp;quot; because &amp;quot;driver&amp;quot; is null">
      <![CDATA[java.lang.NullPointerException: Cannot invoke "org.openqa.selenium.WebDriver.findElement(org.openqa.selenium.By)" because "driver" is null
at utility.Login.log(Login.java:9)
at utility.Baseclass.login(Baseclass.java:41)
at java.base/java.util.ArrayList.forEach(ArrayList.java:1511)
... Removed 31 stack frames]]>
    </failure>
  </testcase> <!-- @BeforeMethod login -->
  <testcase classname="utility.Baseclass" name="@AfterMethod logout" time="-1.638341756248E9">
    <skipped/>
  </testcase> <!-- @AfterMethod logout -->
  <testcase classname="fileutilitytest.createorganizationtype" name="createindtype" time="0.0">
    <skipped/>
  </testcase> <!-- createindtype -->
  <testcase classname="fileutilitytest.LeadsaveTest" name="save" time="0.0">
    <skipped/>
  </testcase> <!-- save -->
  <testcase classname="fileutilitytest.createorgwithindustry" name="createorgindus" time="0.0">
    <skipped/>
  </testcase> <!-- createorgindus -->
  <testcase classname="fileutilitytest.createleadTest" name="lead" time="0.0">
    <skipped/>
  </testcase> <!-- lead -->
  <testcase classname="fileutilitytest.CreateOrgTest" name="createorganization" time="0.0">
    <ignored/>
  </testcase> <!-- createorganization -->
</testsuite> <!-- Test -->
